<?xml version="1.0" encoding="UTF-8"?>
<!-- Generated by org.testng.reporters.JUnitXMLReporter -->
<testsuite hostname="samco-cdc-lt032" ignored="0" name="Sanity" tests="5" failures="0" timestamp="2021-03-19T18:44:35 IST" time="3.196" errors="0">
  <testcase name="verifycreateemployee" time="2.471" classname="API.CreateEmployee"/>
  <testcase name="verifyemployeelist" time="0.09" classname="API.GetEmployeelist"/>
  <testcase name="verifyemployeedetails" time="0.026" classname="API.Getindividualemployeedata"/>
  <testcase name="verifyupdateemp" time="0.037" classname="API.UpdateEmployee"/>
  <testcase name="verifyupdateemp" time="0.072" classname="API.DeleteEmployee"/>
</testsuite> <!-- Sanity -->
